<?xml version="1.0" encoding="UTF-8"?>
<!-- Generated by org.testng.reporters.JUnitReportReporter -->
<testsuite hostname="Manishs-MacBook-Pro.local" failures="0" tests="1" name="com.mphasis.selenium.SeleniumDemo.TestLocatorByXPath" time="23.520" errors="0" timestamp="2022-03-03T10:23:29 IST" skipped="0">
  <testcase classname="com.mphasis.selenium.SeleniumDemo.TestLocatorByXPath" name="testByLinkTextStrategy" time="23.520"/>
  <system-out/>
</testsuite> <!-- com.mphasis.selenium.SeleniumDemo.TestLocatorByXPath -->
