<?xml version="1.0" encoding="UTF-8"?>
<!-- Generated by org.testng.reporters.JUnitReportReporter -->
<testsuite hostname="Manishs-MacBook-Pro.local" failures="0" tests="1" name="com.mphasis.selenium.SeleniumDemo.TestLocatorForFrames" time="8.871" errors="0" timestamp="2022-03-03T11:41:05 IST" skipped="0">
  <testcase classname="com.mphasis.selenium.SeleniumDemo.TestLocatorForFrames" name="testByLinkTextStrategy" time="8.871"/>
  <system-out/>
</testsuite> <!-- com.mphasis.selenium.SeleniumDemo.TestLocatorForFrames -->
