<?xml version="1.0" encoding="UTF-8"?>
<!-- Generated by org.testng.reporters.JUnitReportReporter -->
<testsuite hostname="Manishs-MacBook-Pro.local" failures="0" tests="1" name="com.mphasis.selenium.SeleniumDemo.TeatSeleniumGrid" time="18.061" errors="0" timestamp="2022-03-04T12:04:45 IST" skipped="0">
  <testcase classname="com.mphasis.selenium.SeleniumDemo.TeatSeleniumGrid" name="shouldTitleMatch" time="18.061"/>
  <system-out/>
</testsuite> <!-- com.mphasis.selenium.SeleniumDemo.TeatSeleniumGrid -->
