<?xml version="1.0" encoding="UTF-8"?>
<!-- Generated by org.testng.reporters.JUnitReportReporter -->
<testsuite hostname="Manishs-MacBook-Pro.local" failures="0" tests="1" name="com.mphasis.selenium.SeleniumDemo.TestLocatorForDropDown" time="18.325" errors="0" timestamp="2022-03-03T11:21:00 IST" skipped="0">
  <testcase classname="com.mphasis.selenium.SeleniumDemo.TestLocatorForDropDown" name="testByLinkTextStrategy" time="18.325"/>
  <system-out/>
</testsuite> <!-- com.mphasis.selenium.SeleniumDemo.TestLocatorForDropDown -->
