<?xml version="1.0" encoding="UTF-8"?>
<!-- Generated by org.testng.reporters.JUnitReportReporter -->
<testsuite hostname="Manishs-MacBook-Pro.local" failures="0" tests="1" name="com.mphasis.selenium.SeleniumDemo.TestSwitchBetweenWindows" time="16.527" errors="0" timestamp="2022-03-03T12:24:51 IST" skipped="0">
  <testcase classname="com.mphasis.selenium.SeleniumDemo.TestSwitchBetweenWindows" name="testByLinkTextStrategy" time="16.527"/>
  <system-out/>
</testsuite> <!-- com.mphasis.selenium.SeleniumDemo.TestSwitchBetweenWindows -->
