<?xml version="1.0" encoding="UTF-8"?>
<!-- Generated by org.testng.reporters.JUnitReportReporter -->
<testsuite hostname="Manishs-MacBook-Pro.local" failures="0" tests="1" name="com.mphasis.selenium.SeleniumDemo.TestSeleniumGrid" time="7.872" errors="0" timestamp="2022-03-04T12:36:24 IST" skipped="0">
  <testcase classname="com.mphasis.selenium.SeleniumDemo.TestSeleniumGrid" name="f" time="7.872"/>
  <system-out/>
</testsuite> <!-- com.mphasis.selenium.SeleniumDemo.TestSeleniumGrid -->
